<?xml version="1.0" encoding="UTF-8"?>
<!-- Generated by org.testng.reporters.JUnitReportReporter -->
<testsuite hostname="KairosHW0347" failures="0" tests="2" name="runner.RunCuke" time="37.192" errors="0" timestamp="2023-11-19T10:29:46 IST" skipped="0">
  <testcase classname="runner.RunCuke" name="runScenario" time="14.821"/>
  <system-out/>
  <testcase classname="runner.RunCuke" name="runScenario" time="22.371"/>
  <system-out/>
</testsuite> <!-- runner.RunCuke -->
